[0m#LOG: LOGGING OUTPUT TO 'lemuria.log' FILESIZE: 0[0m
[0;37mbuffs[0m
You utter the words, 'blur'
You watch your body become blurry and unfocused.

[32m[0;37m[32m339H [0;37m[32m140V [0;37m1X 6.73% 0C [32m[Pos:standing][0m[0;37m [0;37mMem:1 Exits:S> 
You utter the words, 'improved invisibility'
You vanish.

[32m[0;37m[32m339H [0;37m[32m140V [0;37m1X 6.73% 0C [32m[Pos:standing][0m[0;37m [0;37mMem:1 Exits:S> 
[36mChtonia tells your group 'ok, know how to get to lemuria?'
[0;37m
[32m[0;37m[32m339H [0;37m[32m140V [0;37m1X 6.73% 0C [32m[Pos:standing][0m[0;37m [0;37mMem:1 Exits:S> 
You utter the words, 'detect invisibility'
Your eyes tingle.

[32m[0;37m[32m339H [0;37m[32m140V [0;37m1X 6.73% 0C [32m[Pos:standing][0m[0;37m [0;37mMem:1 Exits:S> [0;37mgt NOPE![0m
As you get a flattened lead disc from your pouch, it bursts into flames!
You utter the words, 'potency'
An upswell of power surges through your body.

[32m[0;37m[32m339H [0;37m[32m140V [0;37m1X 6.73% 0C [32m[Pos:standing][0m[0;37m [0;37mMem:1 Exits:S> 
As you get an adder's tongue fern leaf from your pouch, it bursts into flames!
You utter the words, 'mental acuity'
You clear your mind, focusing on the magic.

[32m[0;37m[32m339H [0;37m[32m140V [0;37m1X 6.73% 0C [32m[Pos:standing][0m[0;37m [0;37mMem:2 Exits:S> 
You tell your group 'NOPE!'

[32m[0;37m[32m339H [0;37m[32m140V [0;37m1X 6.73% 0C [32m[Pos:standing][0m[0;37m [0;37mMem:2 Exits:S> 
[36mChtonia tells your group 'im bought to teach you.'
[0;37m
[32m[0;37m[32m339H [0;37m[32m140V [0;37m1X 6.73% 0C [32m[Pos:standing][0m[0;37m [0;37mMem:2 Exits:S> [0;37mdefense[0m
You utter the words, 'mnemonic enhancer'
Your head throbs for a second.

[32m[0;37m[32m339H [0;37m[32m140V [0;37m1X 6.73% 0C [32m[Pos:standing][0m[0;37m [0;37mMem:2 Exits:S> 
[36mChtonia tells your group 'turn your logger on. :)'
[0;37m
[32m[0;37m[32m339H [0;37m[32m140V [0;37m1X 6.73% 0C [32m[Pos:standing][0m[0;37m [0;37mMem:2 Exits:S> 
A priest of Hiddukel leaves south.

[32m[0;37m[32m339H [0;37m[32m140V [0;37m1X 6.73% 0C [32m[Pos:standing][0m[0;37m [0;37mMem:1 Exits:S> 
You utter the words, 'antimagic shell'
The air around you crackles as a translucent barrier envelops you.

[32m[0;37m[32m339H [0;37m[32m140V [0;37m1X 6.73% 0C [32m[Pos:standing][0m[0;37m [0;37mMem:1 Exits:S> [0;37mgt already did[0m
You utter the words, 'spheres of absorption'
You are surrounded by 1 shimmering sphere.

[32m[0;37m[32m339H [0;37m[32m140V [0;37m1X 6.73% 0C [32m[Pos:standing][0m[0;37m [0;37mMem:1 Exits:S> 
Everything becomes clear as you prepare to cast.
You utter the words, 'displacement'
Your body loses focus and shudders for a brief moment.

[32m[0;37m[32m339H [0;37m[32m140V [0;37m1X 6.73% 0C [32m[Pos:standing][0m[0;37m [0;37mMem:1 Exits:S> 
You utter the words, 'lightning shield'
A veil of electrical energies surround your entire body.

[32m[0;37m[32m339H [0;37m[32m140V [0;37m1X 6.73% 0C [32m[Pos:standing][0m[0;37m [0;37mMem:2 Exits:S> 
You utter the words, 'minor globe of invulnerability'
A shining globe of force enfolds you.

[32m[0;37m[32m339H [0;37m[32m140V [0;37m1X 6.73% 0C [32m[Pos:standing][0m[0;37m [0;37mMem:2 Exits:S> 
You tell your group 'already did'

[32m[0;37m[32m339H [0;37m[32m140V [0;37m1X 6.73% 0C [32m[Pos:standing][0m[0;37m [0;37mMem:2 Exits:S> [0;37mready[0m
You let everyone know that you're ready to go.

[32m[0;37m[32m339H [0;37m[32m140V [0;37m1X 6.73% 0C [32m[Pos:standing][0m[0;37m [0;37mMem:2 Exits:S> 
[36mChtonia tells your group 'ok then here we go'
[0;37m
[32m[0;37m[32m339H [0;37m[32m140V [0;37m1X 6.73% 0C [32m[Pos:standing][0m[0;37m [0;37mMem:2 Exits:S> 
Chtonia utters the words, 'water breath'.
Chtonia makes a face like a fish and glubs 'bulbul bul'.
You start glubbing, 'bulbul bul'.
An attractive mercenary makes a face like a fish and glubs 'bulbul bul'.
Petrin makes a face like a fish and glubs 'bulbul bul'.

[32m[0;37m[32m339H [0;37m[32m140V [0;37m1X 6.73% 0C [32m[Pos:standing][0m[0;37m [0;37mMem:2 Exits:S> 
Chtonia flies south.
You follow Chtonia south.
[36mGuild Road[0;37m
[33m[1m[0;37m[31m[1m[0;37m
[32m[0;37m[32m339H [0;37m[32m139V [0;37m1X 6.73% 0C [32m[Pos:standing][0m[0;37m [0;37mMem:2 Exits:NESW> 
Chtonia flies west.
You follow Chtonia west.
[36mGuild Road[0;37m
[33m[1m[0;37m[31m[1m[0;37m
[32m[0;37m[32m339H [0;37m[32m138V [0;37m1X 6.73% 0C [32m[Pos:standing][0m[0;37m [0;37mMem:2 Exits:NESW> 
Chtonia flies west.
You follow Chtonia west.
[36mDock Road[0;37m
[33m[1m[0;37m[31m[1mA muscular watchman quietly patrols the streets of Port Balifor.
[0;37m
[32m[0;37m[32m339H [0;37m[32m137V [0;37m1X 6.73% 0C [32m[Pos:standing][0m[0;37m [0;37mMem:2 Exits:NES> 
Chtonia flies south.
You follow Chtonia south.
[36mDock Road and High Street[0;37m
[33m[1m[0;37m[31m[1m[0;37m
[32m[0;37m[32m339H [0;37m[32m136V [0;37m1X 6.73% 0C [32m[Pos:standing][0m[0;37m [0;37mMem:2 Exits:NESW> 
Chtonia flies west.
You follow Chtonia west.
[36mThe Western Entrance to the City[0;37m
[33m[1m[0;37m[31m[1mRae'Nil Tillinthis, famed elven hero, strolls here searching for a ship.
A drunken sailor steadies himself as he tries to stagger back to his boat.
A large grey seagull perches here, ready to take flight.
[0;37m
[32m[0;37m[32m339H [0;37m[32m135V [0;37m1X 6.73% 0C [32m[Pos:standing][0m[0;37m [0;37mMem:2 Exits:NES> 
Chtonia flies south.
You follow Chtonia south.
[36mThe End of the South Pier[0;37m
[33m[1m[0;37m[31m[1m[0;37m
[32m[0;37m[32m339H [0;37m[32m134V [0;37m1X 6.73% 0C [32m[Pos:standing][0m[0;37m [0;37mMem:2 Exits:NSW> 
Chtonia flies west.
You follow Chtonia west.
It is pitch black.
[33m[1m[0;37m[31m[1mA long grey rat crawls along the edges of the docks.
A guard dressed in the uniform of the Customs Office stands here.
A guard dressed in the uniform of the Customs Office stands here.
[0;37m
[32m[0;37m[32m339H [0;37m[32m133V [0;37m1X 6.73% 0C [32m[Pos:standing][0m[0;37m [0;37mMem:2 Exits:ESW> 
Chtonia flies west.
You follow Chtonia west.
It is pitch black.
[33m[1m[0;37m[31m[1mA bearded old mage dressed in tattered red robes is standing here.
[0;37m
[32m[0;37m[32m339H [0;37m[32m132V [0;37m1X 6.73% 0C [32m[Pos:standing][0m[0;37m [0;37mMem:2 Exits:EW> 
Chtonia flies west.
You follow Chtonia west.
It is pitch black.
[33m[1m[0;37m[31m[1m[0;37m
[32m[0;37m[32m339H [0;37m[32m130V [0;37m1X 6.73% 0C [32m[Pos:standing][0m[0;37m [0;37mMem:2 Exits:NESW> 
Chtonia says 'all s'

[32m[0;37m[32m339H [0;37m[32m130V [0;37m1X 6.73% 0C [32m[Pos:standing][0m[0;37m [0;37mMem:2 Exits:NESW> 
Chtonia flies south.
You follow Chtonia south.
It is pitch black.
[33m[1m[0;37m[31m[1m[0;37m
[32m[0;37m[32m339H [0;37m[32m128V [0;37m1X 6.73% 0C [32m[Pos:standing][0m[0;37m [0;37mMem:2 Exits:NESW> 
Chtonia flies south.
You follow Chtonia south.
It is pitch black.
[33m[1m[0;37m[31m[1m[0;37m
[32m[0;37m[32m339H [0;37m[32m126V [0;37m1X 6.73% 0C [32m[Pos:standing][0m[0;37m [0;37mMem:2 Exits:NESW> 
Chtonia flies south.
You follow Chtonia south.
It is pitch black.
[33m[1m[0;37m[31m[1m[0;37m
[32m[0;37m[32m339H [0;37m[32m124V [0;37m1X 6.73% 0C [32m[Pos:standing][0m[0;37m [0;37mMem:2 Exits:NESW> [0;37mcast 'cont lig'[0m
You utter the words, 'continual light'
You make a sweeping gesture, creating a small ball of light.
The ball of light begins following you, hovering nearby.

[32m[0;37m[32m339H [0;37m[32m124V [0;37m1X 6.73% 0C [32m[Pos:standing][0m[0;37m [0;37mMem:3 Exits:NESW> 
Chtonia flies south.
You follow Chtonia south.
[36mOn Balifor Bay[0;37m
[33m[1m[0;37m[31m[1m[0;37m
[32m[0;37m[32m339H [0;37m[32m122V [0;37m1X 6.73% 0C [32m[Pos:standing][0m[0;37m [0;37mMem:3 Exits:NESW> 
Chtonia flies south.
You follow Chtonia south.
[36mBy the Sandstone Cliffs[0;37m
[33m[1m[0;37m[31m[1m[0;37m
[32m[0;37m[32m339H [0;37m[32m120V [0;37m1X 6.73% 0C [32m[Pos:standing][0m[0;37m [0;37mMem:3 Exits:NE> 
Chtonia says 'e till out of bay'

[32m[0;37m[32m339H [0;37m[32m120V [0;37m1X 6.73% 0C [32m[Pos:standing][0m[0;37m [0;37mMem:3 Exits:NE> 
Chtonia flies east.
You follow Chtonia east.
[36mBy the Sandstone Cliffs[0;37m
[33m[1m[0;37m[31m[1m[0;37m
[32m[0;37m[32m339H [0;37m[32m118V [0;37m1X 6.73% 0C [32m[Pos:standing][0m[0;37m [0;37mMem:3 Exits:NEW> 
Chtonia closes her spellbook with a content look on her face.

[32m[0;37m[32m339H [0;37m[32m140V [0;37m1X 6.73% 0C [32m[Pos:standing][0m[0;37m [0;37mMem:2 Exits:NEW> 
Chtonia flies east.
You follow Chtonia east.
[36mBy the Sandstone Cliffs[0;37m
[33m[1m[0;37m[31m[1m[0;37m
[32m[0;37m[32m339H [0;37m[32m138V [0;37m1X 6.73% 0C [32m[Pos:standing][0m[0;37m [0;37mMem:2 Exits:NEW> 
Chtonia flies east.
You follow Chtonia east.
[36mThe Mouth of Balifor Bay[0;37m
[33m[1m[0;37m[31m[1m[0;37m
[32m[0;37m[32m339H [0;37m[32m136V [0;37m1X 6.73% 0C [32m[Pos:standing][0m[0;37m [0;37mMem:2 Exits:NEW> 
Chtonia flies east.
You follow Chtonia east.
[36mThe Vast Ocean[0;37m
[33m[1m[0;37m[31m[1m[0;37m
[32m[0;37m[32m339H [0;37m[32m134V [0;37m1X 6.73% 0C [32m[Pos:standing][0m[0;37m [0;37mMem:2 Exits:NESW> 
Chtonia says 'here go s'

[32m[0;37m[32m339H [0;37m[32m134V [0;37m1X 6.73% 0C [32m[Pos:standing][0m[0;37m [0;37mMem:2 Exits:NESW> 
Chtonia flies south.
You follow Chtonia south.
[36mThe Vast Ocean[0;37m
[33m[1m[0;37m[31m[1m[0;37m
[32m[0;37m[32m339H [0;37m[32m132V [0;37m1X 6.73% 0C [32m[Pos:standing][0m[0;37m [0;37mMem:2 Exits:NESWD> 
[36mChtonia tells your group 'all d'
[0;37m
[32m[0;37m[32m339H [0;37m[32m132V [0;37m1X 6.73% 0C [32m[Pos:standing][0m[0;37m [0;37mMem:2 Exits:NESWD> 
Chtonia flies down.
You follow Chtonia down.
[36mBeneath the Vast Ocean[0;37m
[33m[1m[0;37m[31m[1mA small fish swims around rapidly.
[0;37m
[32m[0;37m[32m339H [0;37m[32m130V [0;37m1X 6.73% 0C [32m[Pos:standing][0m[0;37m [0;37mMem:2 Exits:NESWUD> 
Chtonia flies down.
You follow Chtonia down.
[36mDeeper in the Ocean[0;37m
[33m[1m[0;37m[31m[1m[0;37m
[32m[0;37m[32m339H [0;37m[32m128V [0;37m1X 6.73% 0C [32m[Pos:standing][0m[0;37m [0;37mMem:2 Exits:NESWUD> 
Chtonia flies down.
You follow Chtonia down.
[36mThe West Gate of Lemuria[0;37m
[33m[1m[0;37m[31m[1m[0;37m
[32m[0;37m[32m339H [0;37m[32m126V [0;37m1X 6.73% 0C [32m[Pos:standing][0m[0;37m [0;37mMem:2 Exits:ESU> [0;37mgasp[0m
You gasp in astonishment.

[32m[0;37m[32m339H [0;37m[32m126V [0;37m1X 6.73% 0C [32m[Pos:standing][0m[0;37m [0;37mMem:2 Exits:ESU> 
Chtonia says 'welcome to lemuria'

[32m[0;37m[32m339H [0;37m[32m126V [0;37m1X 6.73% 0C [32m[Pos:standing][0m[0;37m [0;37mMem:2 Exits:ESU> 
Chtonia says 'locate book'

[32m[0;37m[32m339H [0;37m[32m126V [0;37m1X 6.73% 0C [32m[Pos:standing][0m[0;37m [0;37mMem:2 Exits:ESU> 
Chtonia utters the words, 'locate object'.

[32m[0;37m[32m339H [0;37m[32m126V [0;37m1X 6.73% 0C [32m[Pos:standing][0m[0;37m [0;37mMem:2 Exits:ESU> [0;37mcast 'lo ob' book[0m
Everything becomes clear as you prepare to cast.
You utter the words, 'locate object'
The book of ways is in "The Archives of Lemuria".
A History of the Natural World concealed by a blue guardian robe.
A sky blue prayerbook with sapphire runes equipped by En'gla, the master of maces.

[32m[0;37m[32m339H [0;37m[32m126V [0;37m1X 6.73% 0C [32m[Pos:standing][0m[0;37m [0;37mMem:2 Exits:ESU> [0;37mgt MOM[0m
You tell your group 'MOM'

[32m[0;37m[32m339H [0;37m[32m126V [0;37m1X 6.73% 0C [32m[Pos:standing][0m[0;37m [0;37mMem:2 Exits:ESU> 
[36mChtonia tells your group 'that book is up.'
[0;37m
[32m[0;37m[32m339H [0;37m[32m126V [0;37m1X 6.73% 0C [32m[Pos:standing][0m[0;37m [0;37mMem:2 Exits:ESU> 
Chtonia flies east.
You follow Chtonia east.
[36mBy the Great Palace[0;37m
[33m[1m[0;37m[31m[1m[0;37m
[32m[0;37m[32m339H [0;37m[32m124V [0;37m1X 6.73% 0C [32m[Pos:standing][0m[0;37m [0;37mMem:2 Exits:NWU> 
[36mYou feel much heavier.[0m
Powdered bull's horn blows away with a passing wind.

[32m[0;37m[32m339H [0;37m[32m140V [0;37m1X 6.73% 0C [32m[Pos:standing][0m[0;37m [0;37mMem:1 Exits:NWU> 
Chtonia flies north.
You follow Chtonia north.
[36mA Side Street[0;37m
[33m[1m[0;37m[31m[1m[0;37m
[32m[0;37m[32m339H [0;37m[32m133V [0;37m1X 6.73% 0C [32m[Pos:standing][0m[0;37m [0;37mMem:1 Exits:NESWU> [0;37mgt book of ways[0m
You tell your group 'book of ways'

[32m[0;37m[32m339H [0;37m[32m133V [0;37m1X 6.73% 0C [32m[Pos:standing][0m[0;37m [0;37mMem:1 Exits:NESWU> 
Chtonia flies north.
You follow Chtonia north.
[36mThe End of the Street[0;37m
[33m[1m[0;37m[31m[1m[0;37m
[32m[0;37m[32m339H [0;37m[32m126V [0;37m1X 6.73% 0C [32m[Pos:standing][0m[0;37m [0;37mMem:1 Exits:(N)SU> 
Chtonia opens the door.

[32m[0;37m[32m339H [0;37m[32m126V [0;37m1X 6.73% 0C [32m[Pos:standing][0m[0;37m [0;37mMem:1 Exits:NSU> 
Chtonia flies north.
You follow Chtonia north.
[36mThe Archives of Lemuria[0;37m
[33m[1mA plain looking book lies here on its side.
Several bookshelves line the far wall.
[0;37m[31m[1mThe ghost of a Lemurian scribe is here, busily scribbling away.
[0;37m
[32m[0;37m[32m339H [0;37m[32m119V [0;37m1X 6.73% 0C [32m[Pos:standing][0m[0;37m [0;37mMem:1 Exits:S> 
Chtonia says 'cleric books randomly load in these shelves'

[32m[0;37m[32m339H [0;37m[32m119V [0;37m1X 6.73% 0C [32m[Pos:standing][0m[0;37m [0;37mMem:1 Exits:S> [0;37mexa shelves[0m
The wooden surface of the shelves is in perfect condition. (100%)
shelves (here) : 

[32m[0;37m[32m339H [0;37m[32m119V [0;37m1X 6.73% 0C [32m[Pos:standing][0m[0;37m [0;37mMem:1 Exits:S> [0;37mget all shelves[0m
The shelves doesn't seem to have what you are looking for.

[32m[0;37m[32m339H [0;37m[32m119V [0;37m1X 6.73% 0C [32m[Pos:standing][0m[0;37m [0;37mMem:1 Exits:S> [0;37msay wow[0m
You say 'wow'

[32m[0;37m[32m339H [0;37m[32m119V [0;37m1X 6.73% 0C [32m[Pos:standing][0m[0;37m [0;37mMem:1 Exits:S> [0;37ml[0m
[36mThe Archives of Lemuria[0;37m
[33m[1mA plain looking book lies here on its side.
Several bookshelves line the far wall.
[0;37m[31m[1m<MYTH> Chtonia the Female Human is standing here. (flying) (invisible)
. . . is sheathed in a corrosive liquid.
The ghost of a Lemurian scribe is here, busily scribbling away.
[0;37m
[32m[0;37m[32m339H [0;37m[32m119V [0;37m1X 6.73% 0C [32m[Pos:standing][0m[0;37m [0;37mMem:1 Exits:S> 
Chtonia says 'low level ones. but you can get them without a single fight.'

[32m[0;37m[32m339H [0;37m[32m119V [0;37m1X 6.73% 0C [32m[Pos:standing][0m[0;37m [0;37mMem:1 Exits:S> 
Chtonia flies south.
You follow Chtonia south.
[36mThe End of the Street[0;37m
[33m[1m[0;37m[31m[1m[0;37m
[32m[0;37m[32m339H [0;37m[33m[1m112V [0;37m1X 6.73% 0C [32m[Pos:standing][0m[0;37m [0;37mMem:1 Exits:NSU> 
Chtonia flies south.
You follow Chtonia south.
[36mA Side Street[0;37m
[33m[1m[0;37m[31m[1m[0;37m
[32m[0;37m[32m339H [0;37m[33m[1m105V [0;37m1X 6.73% 0C [32m[Pos:standing][0m[0;37m [0;37mMem:1 Exits:NESWU> 
Chtonia flies west.
You follow Chtonia west.
[36mAn Affluent Mansion[0;37m
[33m[1m[0;37m[31m[1m[0;37m
[32m[0;37m[32m339H [0;37m[33m[1m98V [0;37m1X 6.73% 0C [32m[Pos:standing][0m[0;37m [0;37mMem:1 Exits:NE> 
Chtonia flies east.
You follow Chtonia east.
[36mA Side Street[0;37m
[33m[1m[0;37m[31m[1m[0;37m
[32m[0;37m[32m339H [0;37m[33m[1m91V [0;37m1X 6.73% 0C [32m[Pos:standing][0m[0;37m [0;37mMem:1 Exits:NESWU> 
Chtonia flies south.
You follow Chtonia south.
[36mBy the Great Palace[0;37m
[33m[1m[0;37m[31m[1m[0;37m
[32m[0;37m[32m339H [0;37m[33m[1m84V [0;37m1X 6.73% 0C [32m[Pos:standing][0m[0;37m [0;37mMem:1 Exits:NWU> 
Chtonia flies west.
You follow Chtonia west.
[36mThe West Gate of Lemuria[0;37m
[33m[1m[0;37m[31m[1m[0;37m
[32m[0;37m[32m339H [0;37m[33m[1m77V [0;37m1X 6.73% 0C [32m[Pos:standing][0m[0;37m [0;37mMem:1 Exits:ESU> [0;37mfly[0m
Who should the spell be cast upon?

[32m[0;37m[32m339H [0;37m[33m[1m77V [0;37m1X 6.73% 0C [32m[Pos:standing][0m[0;37m [0;37mMem:1 Exits:ESU> 
Chtonia says 'from here..'

[32m[0;37m[32m339H [0;37m[33m[1m77V [0;37m1X 6.73% 0C [32m[Pos:standing][0m[0;37m [0;37mMem:1 Exits:ESU> [0;37mfly me[0m
You utter the words, 'fly'

[32m[0;37m[32m339H [0;37m[33m[1m77V [0;37m1X 6.73% 0C [32m[Pos:standing][0m[0;37m [0;37mMem:1 Exits:ESU> 
Chtonia says 'go all e'

[32m[0;37m[32m339H [0;37m[33m[1m77V [0;37m1X 6.73% 0C [32m[Pos:standing][0m[0;37m [0;37mMem:1 Exits:ESU> 
Chtonia closes her spellbook with a content look on her face.
Your studies complete, you close your spellbook with a smile.
A pink and black mottled snake tongue has turned green and moldy, disgusted you throw it away.

[32m[0;37m[32m339H [0;37m[33m[1m104V [0;37m1X 6.73% 0C [32m[Pos:standing][0m[0;37m [0;37mExits:ESU> 
Chtonia flies east.
You follow Chtonia east.
[36mBy the Great Palace[0;37m
[33m[1m[0;37m[31m[1m[0;37m
[32m[0;37m[32m339H [0;37m[33m[1m97V [0;37m1X 6.73% 0C [32m[Pos:standing][0m[0;37m [0;37mExits:NWU> 
Chtonia says 'up once'

[32m[0;37m[32m339H [0;37m[33m[1m97V [0;37m1X 6.73% 0C [32m[Pos:standing][0m[0;37m [0;37mExits:NWU> 
Chtonia flies up.
You follow Chtonia up.
[36mAbove a Sunken Palace[0;37m
[33m[1m[0;37m[31m[1m[0;37m
[32m[0;37m[32m339H [0;37m[33m[1m90V [0;37m1X 6.73% 0C [32m[Pos:standing][0m[0;37m [0;37mExits:NESWUD> 
You lift your arms skyward and begin to float.

[32m[0;37m[32m339H [0;37m[33m[1m90V [0;37m1X 6.73% 0C [32m[Pos:standing][0m[0;37m [0;37mExits:NESWUD> 
Chtonia says 'e'

[32m[0;37m[32m339H [0;37m[33m[1m90V [0;37m1X 6.73% 0C [32m[Pos:standing][0m[0;37m [0;37mExits:NESWUD> 
Chtonia flies east.
You follow Chtonia east.
[36mAbove a Sunken Palace[0;37m
[33m[1m[0;37m[31m[1m[0;37m
[32m[0;37m[32m339H [0;37m[33m[1m88V [0;37m1X 6.73% 0C [32m[Pos:standing][0m[0;37m [0;37mExits:NESWUD> 
Chtonia says 'and down'

[32m[0;37m[32m339H [0;37m[33m[1m88V [0;37m1X 6.73% 0C [32m[Pos:standing][0m[0;37m [0;37mExits:NESWUD> 
Chtonia flies down.
You follow Chtonia down.
[36mBefore the Palace Gates[0;37m
[33m[1m[0;37m[31m[1m[0;37m
[32m[0;37m[32m339H [0;37m[33m[1m86V [0;37m1X 6.73% 0C [32m[Pos:standing][0m[0;37m [0;37mExits:(N)ESWU> 
Chtonia says 'this is where you locate mage tome in the castle'

[32m[0;37m[32m339H [0;37m[33m[1m86V [0;37m1X 6.73% 0C [32m[Pos:standing][0m[0;37m [0;37mExits:(N)ESWU> 
Chtonia utters the words, 'locate object'.

[32m[0;37m[32m339H [0;37m[33m[1m86V [0;37m1X 6.73% 0C [32m[Pos:standing][0m[0;37m [0;37mExits:(N)ESWU> [0;37mcast 'lo ob' book[0m
You utter the words, 'locate object'
The book of ways is in "The Archives of Lemuria".
A History of the Natural World concealed by a blue guardian robe.

[32m[0;37m[32m339H [0;37m[33m[1m86V [0;37m1X 6.73% 0C [32m[Pos:standing][0m[0;37m [0;37mMem:1 Exits:(N)ESWU> 
Chtonia says 'locate book '

[32m[0;37m[32m339H [0;37m[33m[1m86V [0;37m1X 6.73% 0C [32m[Pos:standing][0m[0;37m [0;37mMem:1 Exits:(N)ESWU> [0;37mcast 'lo ob' book[0m
You utter the words, 'locate object'
The book of ways is in "The Archives of Lemuria".
A History of the Natural World concealed by a blue guardian robe.

[32m[0;37m[32m339H [0;37m[33m[1m86V [0;37m1X 6.73% 0C [32m[Pos:standing][0m[0;37m [0;37mMem:1 Exits:(N)ESWU> [0;37mcast 'lo ob' book[0m
Everything becomes clear as you prepare to cast.
You utter the words, 'locate object'
The book of ways is in "The Archives of Lemuria".
A History of the Natural World concealed by a blue guardian robe.

[32m[0;37m[32m339H [0;37m[33m[1m86V [0;37m1X 6.73% 0C [32m[Pos:standing][0m[0;37m [0;37mMem:1 Exits:(N)ESWU> 
Chtonia says 'it is in a chest, so may take a few if it is up'

[32m[0;37m[32m339H [0;37m[33m[1m86V [0;37m1X 6.73% 0C [32m[Pos:standing][0m[0;37m [0;37mMem:1 Exits:(N)ESWU> 
Chtonia utters the words, 'locate object'.

[32m[0;37m[32m339H [0;37m[33m[1m86V [0;37m1X 6.73% 0C [32m[Pos:standing][0m[0;37m [0;37mMem:1 Exits:(N)ESWU> [0;37mcast 'lo ob' book[0m
You utter the words, 'locate object'
The book of ways is in "The Archives of Lemuria".
A History of the Natural World concealed by a blue guardian robe.

[32m[0;37m[32m339H [0;37m[33m[1m86V [0;37m1X 6.73% 0C [32m[Pos:standing][0m[0;37m [0;37mMem:2 Exits:(N)ESWU> [0;37mcast 'lo ob' book[0m
You utter the words, 'locate object'
The book of ways is in "The Archives of Lemuria".

[32m[0;37m[32m339H [0;37m[33m[1m86V [0;37m1X 6.73% 0C [32m[Pos:standing][0m[0;37m [0;37mMem:2 Exits:(N)ESWU> [0;37mgt nothing[0m
You tell your group 'nothing'

[32m[0;37m[32m339H [0;37m[33m[1m86V [0;37m1X 6.73% 0C [32m[Pos:standing][0m[0;37m [0;37mMem:2 Exits:(N)ESWU> 
[36mChtonia tells your group 'is prolly not up.'
[0;37m
[32m[0;37m[32m339H [0;37m[33m[1m86V [0;37m1X 6.73% 0C [32m[Pos:standing][0m[0;37m [0;37mMem:2 Exits:(N)ESWU> 
[36mYou feel yourself exposed.[0m

[32m[0;37m[32m339H [0;37m[33m[1m113V [0;37m1X 6.73% 0C [32m[Pos:standing][0m[0;37m [0;37mMem:1 Exits:(N)ESWU> 
Chtonia utters the words, 'improved invisibility'.
Chtonia slowly fades out of sight.

[32m[0;37m[32m339H [0;37m[33m[1m113V [0;37m1X 6.73% 0C [32m[Pos:standing][0m[0;37m [0;37mMem:1 Exits:(N)ESWU> [0;37mii[0m
You utter the words, 'improved invisibility'
You vanish.

[32m[0;37m[32m339H [0;37m[33m[1m113V [0;37m1X 6.73% 0C [32m[Pos:standing][0m[0;37m [0;37mMem:1 Exits:(N)ESWU> 
Chtonia says 'you know how to get to shi'ar?'

[32m[0;37m[32m339H [0;37m[33m[1m113V [0;37m1X 6.73% 0C [32m[Pos:standing][0m[0;37m [0;37mMem:1 Exits:(N)ESWU> [0;37mgt where is he?  sounds familiar[0m
You tell your group 'where is he?  sounds familiar'

[32m[0;37m[32m339H [0;37m[33m[1m113V [0;37m1X 6.73% 0C [32m[Pos:standing][0m[0;37m [0;37mMem:1 Exits:(N)ESWU> 
Chtonia says 'where you go into MoM zone'

[32m[0;37m[32m339H [0;37m[33m[1m113V [0;37m1X 6.73% 0C [32m[Pos:standing][0m[0;37m [0;37mMem:1 Exits:(N)ESWU> 
Chtonia says 'ill show you.'

[32m[0;37m[32m339H [0;37m[33m[1m113V [0;37m1X 6.73% 0C [32m[Pos:standing][0m[0;37m [0;37mMem:1 Exits:(N)ESWU> 
Chtonia says 'relo to petrin'

[32m[0;37m[32m339H [0;37m[33m[1m113V [0;37m1X 6.73% 0C [32m[Pos:standing][0m[0;37m [0;37mMem:1 Exits:(N)ESWU> 
Your studies complete, you close your spellbook with a smile.
Chtonia closes her spellbook with a content look on her face.

[32m[0;37m[32m339H [0;37m[32m140V [0;37m1X 6.73% 0C [32m[Pos:standing][0m[0;37m [0;37mExits:(N)ESWU> 
Chtonia utters the words, 'relocate'.
Chtonia disappears in a puff of smoke.

[32m[0;37m[32m339H [0;37m[32m140V [0;37m1X 6.73% 0C [32m[Pos:standing][0m[0;37m [0;37mExits:(N)ESWU> [0;37mgt not ringing any bells[0m
You tell your group 'not ringing any bells'

[32m[0;37m[32m339H [0;37m[32m140V [0;37m1X 6.73% 0C [32m[Pos:standing][0m[0;37m [0;37mExits:(N)ESWU> [0;37mvisitbalifor[0m
You utter the words, 'relocate'
[36mThe Master Mages Laboratory[0;37m
[33m[1mA magical sign floats in the air here...it glows dimly
An orrery is mounted on a stand here.
[0;37m[31m[1m<MYTH> Chtonia the Female Human is standing here. (flying) (invisible)
. . . is sheathed in a corrosive liquid.
An attractive guild guard stands here, watching everyone warily.
The master mage is standing here, making little balls of light dance around.
. . . is cloaked with sparks of electricity.
[0;37m
[32m[0;37m[32m339H [0;37m[32m140V [0;37m1X 6.73% 0C [32m[Pos:standing][0m[0;37m [0;37mMem:1 Exits:S> 
Chtonia flies south.
You follow Chtonia south.
[36mGuild Road[0;37m
[33m[1m[0;37m[31m[1m[0;37m
[32m[0;37m[32m339H [0;37m[32m139V [0;37m1X 6.73% 0C [32m[Pos:standing][0m[0;37m [0;37mMem:1 Exits:NESW> 
Chtonia flies west.
You follow Chtonia west.
[36mGuild Road[0;37m
[33m[1m[0;37m[31m[1m[0;37m
[32m[0;37m[32m339H [0;37m[32m138V [0;37m1X 6.73% 0C [32m[Pos:standing][0m[0;37m [0;37mMem:1 Exits:NESW> 
Chtonia flies west.
You follow Chtonia west.
[36mDock Road[0;37m
[33m[1m[0;37m[31m[1mA mouse scampers about, scavenging for food and avoiding feral cats.
A drunken sailor steadies himself as he tries to stagger back to his boat.
[0;37m
[32m[0;37m[32m339H [0;37m[32m137V [0;37m1X 6.73% 0C [32m[Pos:standing][0m[0;37m [0;37mMem:1 Exits:NES> 
Chtonia flies south.
You follow Chtonia south.
[36mDock Road and High Street[0;37m
[33m[1m[0;37m[31m[1mA drunken sailor steadies himself as he tries to stagger back to his boat.
A muscular watchman quietly patrols the streets of Port Balifor.
[0;37m
[32m[0;37m[32m339H [0;37m[32m136V [0;37m1X 6.73% 0C [32m[Pos:standing][0m[0;37m [0;37mMem:1 Exits:NESW> 
Chtonia flies west.
You follow Chtonia west.
[36mThe Western Entrance to the City[0;37m
[33m[1m[0;37m[31m[1m[0;37m
[32m[0;37m[32m339H [0;37m[32m135V [0;37m1X 6.73% 0C [32m[Pos:standing][0m[0;37m [0;37mMem:1 Exits:NES> 
Chtonia flies south.
You follow Chtonia south.
[36mThe End of the South Pier[0;37m
[33m[1m[0;37m[31m[1m[0;37m
[32m[0;37m[32m339H [0;37m[32m134V [0;37m1X 6.73% 0C [32m[Pos:standing][0m[0;37m [0;37mMem:1 Exits:NSW> 
Chtonia flies west.
You follow Chtonia west.
[36mAlong the South Pier[0;37m
[33m[1m[0;37m[31m[1mA drunken sailor steadies himself as he tries to stagger back to his boat.
A guard dressed in the uniform of the Customs Office stands here.
A guard dressed in the uniform of the Customs Office stands here.
[0;37m
[32m[0;37m[32m339H [0;37m[32m133V [0;37m1X 6.73% 0C [32m[Pos:standing][0m[0;37m [0;37mMem:1 Exits:ESW> 
Chtonia flies west.
You follow Chtonia west.
[36mWhere the South Pier Meets the Bay[0;37m
[33m[1m[0;37m[31m[1mA bearded old mage dressed in tattered red robes is standing here.
[0;37m
[32m[0;37m[32m339H [0;37m[32m132V [0;37m1X 6.73% 0C [32m[Pos:standing][0m[0;37m [0;37mMem:1 Exits:EW> 
Chtonia flies west.
You follow Chtonia west.
[36mShallow Bay Waters[0;37m
[33m[1m[0;37m[31m[1m[0;37m
[32m[0;37m[32m339H [0;37m[32m130V [0;37m1X 6.73% 0C [32m[Pos:standing][0m[0;37m [0;37mMem:1 Exits:NESW> 
Chtonia flies north.
You follow Chtonia north.
[36mShallow Bay Waters[0;37m
[33m[1m[0;37m[31m[1m[0;37m
[32m[0;37m[32m339H [0;37m[32m128V [0;37m1X 6.73% 0C [32m[Pos:standing][0m[0;37m [0;37mMem:1 Exits:ESW> 
Chtonia flies west.
You follow Chtonia west.
[36mOn Balifor Bay[0;37m
[33m[1m[0;37m[31m[1m[0;37m
[32m[0;37m[32m339H [0;37m[32m126V [0;37m1X 6.73% 0C [32m[Pos:standing][0m[0;37m [0;37mMem:1 Exits:ESW> 
Chtonia flies west.
You follow Chtonia west.
[36mOn Balifor Bay[0;37m
[33m[1m[0;37m[31m[1m[0;37m
[32m[0;37m[32m339H [0;37m[32m124V [0;37m1X 6.73% 0C [32m[Pos:standing][0m[0;37m [0;37mMem:1 Exits:NESW> 
Chtonia flies north.
You follow Chtonia north.
[36mBy the Sandstone Cliffs[0;37m
[33m[1m[0;37m[31m[1m[0;37m
[32m[0;37m[32m339H [0;37m[32m122V [0;37m1X 6.73% 0C [32m[Pos:standing][0m[0;37m [0;37mMem:1 Exits:NSW> 
Chtonia flies north.
You follow Chtonia north.
[36mBy the Sandstone Cliffs[0;37m
[33m[1m[0;37m[31m[1m[0;37m
[32m[0;37m[32m339H [0;37m[32m120V [0;37m1X 6.73% 0C [32m[Pos:standing][0m[0;37m [0;37mMem:1 Exits:NSW> 
Chtonia flies north.
You follow Chtonia north.
[36mBy the Sandstone Cliffs[0;37m
[33m[1m[0;37m[31m[1m[0;37m
[32m[0;37m[32m339H [0;37m[32m118V [0;37m1X 6.73% 0C [32m[Pos:standing][0m[0;37m [0;37mMem:1 Exits:NSW> 
Chtonia flies north.
You follow Chtonia north.
[36mBy the Sandstone Cliffs[0;37m
[33m[1mA swirling wall of shadows hangs over the entrance to the inlet.
[0;37m[31m[1m[0;37m
[32m[0;37m[32m339H [0;37m[32m116V [0;37m1X 6.73% 0C [32m[Pos:standing][0m[0;37m [0;37mMem:1 Exits:NES> 
Chtonia flies north.
You follow Chtonia north.
[36mBefore a Large Island[0;37m
[33m[1m[0;37m[31m[1m[0;37m
[32m[0;37m[32m339H [0;37m[32m114V [0;37m1X 6.73% 0C [32m[Pos:standing][0m[0;37m [0;37mMem:1 Exits:ES> 
Chtonia flies east.
You follow Chtonia east.
[36mNearing The Point[0;37m
[33m[1mYou see a small chain ladder leading up the cliff.
[0;37m[31m[1m[0;37m
[32m[0;37m[32m339H [0;37m[33m[1m112V [0;37m1X 6.73% 0C [32m[Pos:standing][0m[0;37m [0;37mMem:1 Exits:W> 
Chtonia says 'here is start.'

[32m[0;37m[32m339H [0;37m[33m[1m112V [0;37m1X 6.73% 0C [32m[Pos:standing][0m[0;37m [0;37mMem:1 Exits:W> 
Chtonia says 'you climb ladder into three minotaurs.'

[32m[0;37m[32m339H [0;37m[33m[1m112V [0;37m1X 6.73% 0C [32m[Pos:standing][0m[0;37m [0;37mMem:1 Exits:W> 
Chtonia says 'fight them for key to get into zone'

[32m[0;37m[32m339H [0;37m[33m[1m112V [0;37m1X 6.73% 0C [32m[Pos:standing][0m[0;37m [0;37mMem:1 Exits:W> 
Chtonia says 'the rest is KW's and such.'

[32m[0;37m[32m339H [0;37m[33m[1m112V [0;37m1X 6.73% 0C [32m[Pos:standing][0m[0;37m [0;37mMem:1 Exits:W> 
Your studies complete, you close your spellbook with a smile.
The sun begins its ascent in the east.
A common scroll decays in your hands.
A common scroll decays in your hands.

[32m[0;37m[32m339H [0;37m[32m139V [0;37m1X 6.73% 0C [32m[Pos:standing][0m[0;37m [0;37mExits:W> [0;37msay whats the name of zone?[0m
You say 'whats the name of zone?'

[32m[0;37m[32m339H [0;37m[32m139V [0;37m1X 6.73% 0C [32m[Pos:standing][0m[0;37m [0;37mExits:W> 
Chtonia says 'duo can kill all the stuff in the area b4 kws'

[32m[0;37m[32m339H [0;37m[32m139V [0;37m1X 6.73% 0C [32m[Pos:standing][0m[0;37m [0;37mExits:W> 
Chtonia says 'i dont really know.'

[32m[0;37m[32m339H [0;37m[32m139V [0;37m1X 6.73% 0C [32m[Pos:standing][0m[0;37m [0;37mExits:W> [0;37mchuckle[0m
You chuckle politely.

[32m[0;37m[32m339H [0;37m[32m139V [0;37m1X 6.73% 0C [32m[Pos:standing][0m[0;37m [0;37mExits:W> 
[36mChtonia tells your clan 'what is MoM zone named?'
[0;37m
[32m[0;37m[32m339H [0;37m[32m139V [0;37m1X 6.73% 0C [32m[Pos:standing][0m[0;37m [0;37mExits:W> 
Chtonia utters the words, 'locate object'.

[32m[0;37m[32m339H [0;37m[32m139V [0;37m1X 6.73% 0C [32m[Pos:standing][0m[0;37m [0;37mExits:W> [0;37mcast 'lo ob' book[0m
You utter the words, 'locate object'
A sky blue prayerbook with sapphire runes equipped by En'gla, the master of maces.
A green dragonhide spellbook equipped by Sh'iar, the Black Robe.

[32m[0;37m[32m339H [0;37m[32m139V [0;37m1X 6.73% 0C [32m[Pos:standing][0m[0;37m [0;37mMem:1 Exits:W> [0;37msay shiar loaded[0m
You say 'shiar loaded'

[32m[0;37m[32m339H [0;37m[32m139V [0;37m1X 6.73% 0C [32m[Pos:standing][0m[0;37m [0;37mMem:1 Exits:W> [0;37msay and mom[0m
You say 'and mom'

[32m[0;37m[32m339H [0;37m[32m139V [0;37m1X 6.73% 0C [32m[Pos:standing][0m[0;37m [0;37mMem:1 Exits:W> 
Your studies complete, you close your spellbook with a smile.
Chtonia closes her spellbook with a content look on her face.
The rising sun proclaims a new day.

[32m[0;37m[32m339H [0;37m[32m140V [0;37m1X 6.73% 0C [32m[Pos:standing][0m[0;37m [0;37mExits:W> 
Chtonia says 'shiar is low lvl mage book'

[32m[0;37m[32m339H [0;37m[32m140V [0;37m1X 6.73% 0C [32m[Pos:standing][0m[0;37m [0;37mExits:W> 
Chtonia says 'I wish I knew MoM.'

[32m[0;37m[32m339H [0;37m[32m140V [0;37m1X 6.73% 0C [32m[Pos:standing][0m[0;37m [0;37mExits:W> [0;37msay strength of one[0m
You say 'strength of one'

[32m[0;37m[32m339H [0;37m[32m140V [0;37m1X 6.73% 0C [32m[Pos:standing][0m[0;37m [0;37mExits:W> 
You sense your minor globe weaken and fade away.
You shudder briefly before losing your displacement powers.

[32m[0;37m[32m339H [0;37m[32m140V [0;37m1X 6.73% 0C [32m[Pos:standing][0m[0;37m [0;37mExits:W> 
Chtonia says 'seems legit spell to have.'

[32m[0;37m[32m339H [0;37m[32m140V [0;37m1X 6.73% 0C [32m[Pos:standing][0m[0;37m [0;37mExits:W> 
Chtonia says 'ill check sanction soth for you whil im here.'

[32m[0;37m[32m339H [0;37m[32m140V [0;37m1X 6.73% 0C [32m[Pos:standing][0m[0;37m [0;37mExits:W> 
Chtonia says 'you know how to locate sanction?'

[32m[0;37m[32m339H [0;37m[32m140V [0;37m1X 6.73% 0C [32m[Pos:standing][0m[0;37m [0;37mExits:W> 
[36mYou feel yourself exposed.[0m
The electrical energies shielding you disappear.

[32m[0;37m[32m339H [0;37m[32m140V [0;37m1X 6.73% 0C [32m[Pos:standing][0m[0;37m [0;37mExits:W> [0;37mii[0m
You utter the words, 'improved invisibility'
You vanish.

[32m[0;37m[32m339H [0;37m[32m140V [0;37m1X 6.73% 0C [32m[Pos:standing][0m[0;37m [0;37mMem:1 Exits:W> [0;37msay i know how to get to sanction[0m
You say 'i know how to get to sanction'

[32m[0;37m[32m339H [0;37m[32m140V [0;37m1X 6.73% 0C [32m[Pos:standing][0m[0;37m [0;37mMem:1 Exits:W> [0;37msay ish[0m
You say 'ish'

[32m[0;37m[32m339H [0;37m[32m140V [0;37m1X 6.73% 0C [32m[Pos:standing][0m[0;37m [0;37mMem:1 Exits:W> 
Chtonia says 'I dont think neraka is aggro neutrals'

[32m[0;37m[32m339H [0;37m[32m140V [0;37m1X 6.73% 0C [32m[Pos:standing][0m[0;37m [0;37mMem:1 Exits:W> 
Chtonia says 'relo snaggle'

[32m[0;37m[32m339H [0;37m[32m140V [0;37m1X 6.73% 0C [32m[Pos:standing][0m[0;37m [0;37mMem:1 Exits:W> 
Chtonia utters the words, 'relocate'.
Chtonia disappears in a puff of smoke.

[32m[0;37m[32m339H [0;37m[32m140V [0;37m1X 6.73% 0C [32m[Pos:standing][0m[0;37m [0;37mMem:1 Exits:W> [0;37mvisisneraka[0m
Huh?!

[32m[0;37m[32m339H [0;37m[32m140V [0;37m1X 6.73% 0C [32m[Pos:standing][0m[0;37m [0;37mMem:1 Exits:W> [0;37mvisitneraka[0m
You utter the words, 'relocate'
[36mSnaggle's Mageware Emporium[0;37m
[33m[1m[0;37m[31m[1m<MYTH> Chtonia the Female Human is standing here. (flying) (invisible)
. . . is shadowed by a dark and gloomy orb.
A stooped, wrinkled old man paces around, checking the shop's wares.
[0;37m
[32m[0;37m[32m339H [0;37m[32m140V [0;37m1X 6.73% 0C [32m[Pos:standing][0m[0;37m [0;37mMem:1 Exits:(W)> 
Chtonia says 'neraka mages'

[32m[0;37m[32m339H [0;37m[32m140V [0;37m1X 6.73% 0C [32m[Pos:standing][0m[0;37m [0;37mMem:1 Exits:(W)> 
Chtonia opens the door.

[32m[0;37m[32m339H [0;37m[32m140V [0;37m1X 6.73% 0C [32m[Pos:standing][0m[0;37m [0;37mMem:1 Exits:W> 
Chtonia flies west.
You follow Chtonia west.
[36mWizard's Row[0;37m
[33m[1m[0;37m[31m[1m[0;37m
[32m[0;37m[32m339H [0;37m[32m139V [0;37m1X 6.73% 0C [32m[Pos:standing][0m[0;37m [0;37mMem:1 Exits:NES> 
Chtonia flies south.
You follow Chtonia south.
[36mWizard's Row[0;37m
[33m[1m[0;37m[31m[1mA thin human slave stumbles by, futilely sweeping the dirty streets.
[0;37m
[32m[0;37m[32m339H [0;37m[32m138V [0;37m1X 6.73% 0C [32m[Pos:standing][0m[0;37m [0;37mMem:1 Exits:NW> 
Chtonia flies west.
You follow Chtonia west.
[36mQueen's Way West[0;37m
[33m[1m[0;37m[31m[1m[0;37m
[32m[0;37m[32m339H [0;37m[32m137V [0;37m1X 6.73% 0C [32m[Pos:standing][0m[0;37m [0;37mMem:1 Exits:NES> 
Chtonia flies south.
You follow Chtonia south.
[36mQueen's Way West[0;37m
[33m[1m[0;37m[31m[1mA large spider with hairy legs scurries through the dark shadows.
[0;37m
[32m[0;37m[32m339H [0;37m[32m136V [0;37m1X 6.73% 0C [32m[Pos:standing][0m[0;37m [0;37mMem:1 Exits:NS> 
Chtonia flies south.
You follow Chtonia south.
[36mQueen's Way West[0;37m
[33m[1m[0;37m[31m[1mA muscular sivak draconian marches through the streets on patrol.
[0;37m
[32m[0;37m[32m339H [0;37m[32m135V [0;37m1X 6.73% 0C [32m[Pos:standing][0m[0;37m [0;37mMem:1 Exits:NS(W)> 
Chtonia flies south.
You follow Chtonia south.
[36mThe Southwest Corner[0;37m
[33m[1m[0;37m[31m[1mA morbidly obese man with greasy black hair wanders along the street.
A large spider with hairy legs scurries through the dark shadows.
A small black rat covered with grime skitters around the cobblestones.
A cruel-looking baaz draconian saunters through the streets.
A tall dragonarmy guard in full platemail slowly patrols the city.
[0;37m
[32m[0;37m[32m339H [0;37m[32m134V [0;37m1X 6.73% 0C [32m[Pos:standing][0m[0;37m [0;37mMem:1 Exits:NE(S)> 
Chtonia flies east.
You follow Chtonia east.
[36mQueen's Way South[0;37m
[33m[1m[0;37m[31m[1mA thin human slave stumbles by, futilely sweeping the dirty streets.
A small black rat covered with grime skitters around the cobblestones.
A massive bozak blackguard marches by, flanking his commander.
A massive bozak blackguard marches by, flanking his commander.
An enormous sivak commander patrols the streets, frowning darkly.
A large spider with hairy legs scurries through the dark shadows.
[0;37m
[32m[0;37m[32m339H [0;37m[32m133V [0;37m1X 6.73% 0C [32m[Pos:standing][0m[0;37m [0;37mMem:1 Exits:(N)EW> 
Chtonia flies east.
You follow Chtonia east.
[36mQueen's Way South[0;37m
[33m[1m[0;37m[31m[1mA fervent man wearing black robes stands here, fawning with gusto.
A fervent man wearing black robes stands here, fawning with gusto.
A muscular cleric walks through the streets, ignoring all in his path.
A muscular sivak draconian marches through the streets on patrol.
A small black rat covered with grime skitters around the cobblestones.
A frail man in black robes walks around the square, lost in prayer.
[0;37m
[32m[0;37m[32m339H [0;37m[32m132V [0;37m1X 6.73% 0C [32m[Pos:standing][0m[0;37m [0;37mMem:1 Exits:ESW> 
Chtonia flies south.
You follow Chtonia south.
[36mA Short Side Street[0;37m
[33m[1m[0;37m[31m[1m[0;37m
[32m[0;37m[32m339H [0;37m[32m131V [0;37m1X 6.73% 0C [32m[Pos:standing][0m[0;37m [0;37mMem:1 Exits:N(E)> 
A patrolling sivak guard arrives from the north.

[32m[0;37m[32m339H [0;37m[32m131V [0;37m1X 6.73% 0C [32m[Pos:standing][0m[0;37m [0;37mMem:1 Exits:N(E)> 
Chtonia opens the gate.

[32m[0;37m[32m339H [0;37m[32m131V [0;37m1X 6.73% 0C [32m[Pos:standing][0m[0;37m [0;37mMem:1 Exits:NE> 
Your studies complete, you close your spellbook with a smile.
The sky is getting cloudy.
[36mThe spheres around you blink out of existence.[0m

[32m[0;37m[32m339H [0;37m[32m140V [0;37m1X 6.73% 0C [32m[Pos:standing][0m[0;37m [0;37mExits:NE> 
Chtonia flies east.
You follow Chtonia east.
[36mThe Red Gate[0;37m
[33m[1m[0;37m[31m[1mA hulking sivak draconian in red leather armor guards the gate.
A hulking sivak draconian in red leather armor guards the gate.
A hulking sivak draconian in red leather armor guards the gate.
[0;37m
[32m[0;37m[32m339H [0;37m[32m139V [0;37m1X 6.73% 0C [32m[Pos:standing][0m[0;37m [0;37mExits:SW> 
Chtonia flies south.
You follow Chtonia south.
[36mThe Outskirts of the Red Dragonarmy Camp[0;37m
[33m[1m[0;37m[31m[1mA goblin wearing weathered green chainmail stumbles along the path.
A black raven flies around, searching for leftover scraps of meat.
A crazed squirrel with bloodshot eyes scampers about in search of food.
[0;37m
[32m[0;37m[32m339H [0;37m[32m137V [0;37m1X 6.73% 0C [32m[Pos:standing][0m[0;37m [0;37mExits:NESW> 
Chtonia flies west.
You follow Chtonia west.
[36mA Cobbled Path[0;37m
[33m[1m[0;37m[31m[1mA kapak draconian wearing blue armor steps carefully through the shadows.
A black raven flies around, searching for leftover scraps of meat.
[0;37m
[32m[0;37m[32m339H [0;37m[32m135V [0;37m1X 6.73% 0C [32m[Pos:standing][0m[0;37m [0;37mExits:ESW> 
Chtonia flies south.
You follow Chtonia south.
[36mA Dusty Road[0;37m
[33m[1m[0;37m[31m[1m[0;37m
[32m[0;37m[32m339H [0;37m[32m133V [0;37m1X 6.73% 0C [32m[Pos:standing][0m[0;37m [0;37mExits:NS> 
Chtonia flies south.
You follow Chtonia south.
[36mA Dusty Road[0;37m
[33m[1m[0;37m[31m[1m[0;37m
[32m[0;37m[32m339H [0;37m[32m131V [0;37m1X 6.73% 0C [32m[Pos:standing][0m[0;37m [0;37mExits:NS> 
Chtonia flies south.
You follow Chtonia south.
[36mA Dusty Road[0;37m
[33m[1m[0;37m[31m[1m[0;37m
[32m[0;37m[32m339H [0;37m[32m129V [0;37m1X 6.73% 0C [32m[Pos:standing][0m[0;37m [0;37mExits:NE> 
Chtonia flies east.
You follow Chtonia east.
[36mA Dusty Road[0;37m
[33m[1m[0;37m[31m[1m[0;37m
[32m[0;37m[32m339H [0;37m[32m127V [0;37m1X 6.73% 0C [32m[Pos:standing][0m[0;37m [0;37mExits:NESW> 
Chtonia flies south.
You follow Chtonia south.
[36mRolling Foothills[0;37m
[33m[1m[0;37m[31m[1m[0;37m
[32m[0;37m[32m339H [0;37m[32m125V [0;37m1X 6.73% 0C [32m[Pos:standing][0m[0;37m [0;37mExits:NES> 
Chtonia flies south.
You follow Chtonia south.
[36mRolling Foothills[0;37m
[33m[1m[0;37m[31m[1m[0;37m
[32m[0;37m[32m339H [0;37m[32m123V [0;37m1X 6.73% 0C [32m[Pos:standing][0m[0;37m [0;37mExits:NED> 
Chtonia flies down.
You follow Chtonia down.
[36mClimbing Down the Mountain Side[0;37m
[33m[1m[0;37m[31m[1m[0;37m
[32m[0;37m[32m339H [0;37m[32m121V [0;37m1X 6.73% 0C [32m[Pos:standing][0m[0;37m [0;37mExits:UD> 
Chtonia flies down.
You follow Chtonia down.
[36mIn the Ravine[0;37m
[33m[1m[0;37m[31m[1m[0;37m
[32m[0;37m[32m339H [0;37m[32m119V [0;37m1X 6.73% 0C [32m[Pos:standing][0m[0;37m [0;37mExits:WU> 
Chtonia flies west.
You follow Chtonia west.
[36mBy the Mountain Outcropping[0;37m
[33m[1m[0;37m[31m[1m[0;37m
[32m[0;37m[32m339H [0;37m[32m117V [0;37m1X 6.73% 0C [32m[Pos:standing][0m[0;37m [0;37mExits:EW> 
Chtonia flies west.
You follow Chtonia west.
[36mA Mountainous Pass[0;37m
[33m[1m[0;37m[31m[1m[0;37m
[32m[0;37m[32m339H [0;37m[32m115V [0;37m1X 6.73% 0C [32m[Pos:standing][0m[0;37m [0;37mExits:EW> 
There is lightning in the sky.

[32m[0;37m[32m339H [0;37m[32m115V [0;37m1X 6.73% 0C [32m[Pos:standing][0m[0;37m [0;37mExits:EW> 
Chtonia flies west.
You follow Chtonia west.
[36mA Mountainous Pass[0;37m
[33m[1m[0;37m[31m[1m[0;37m
[32m[0;37m[32m339H [0;37m[33m[1m113V [0;37m1X 6.73% 0C [32m[Pos:standing][0m[0;37m [0;37mExits:ED> 
Chtonia flies down.
You follow Chtonia down.
[36mA Mountainous Pass[0;37m
[33m[1m[0;37m[31m[1m[0;37m
[32m[0;37m[32m339H [0;37m[33m[1m111V [0;37m1X 6.73% 0C [32m[Pos:standing][0m[0;37m [0;37mExits:SU> 
Chtonia flies south.
You follow Chtonia south.
[36mA Mountainous Pass[0;37m
[33m[1m[0;37m[31m[1m[0;37m
[32m[0;37m[32m339H [0;37m[33m[1m109V [0;37m1X 6.73% 0C [32m[Pos:standing][0m[0;37m [0;37mExits:NW> 
Chtonia flies west.
You follow Chtonia west.
[36mA Mountainous Pass[0;37m
[33m[1m[0;37m[31m[1m[0;37m
[32m[0;37m[32m339H [0;37m[33m[1m107V [0;37m1X 6.73% 0C [32m[Pos:standing][0m[0;37m [0;37mExits:EW> 
Chtonia flies west.
You follow Chtonia west.
[36mA Mountainous Pass[0;37m
[33m[1m[0;37m[31m[1m[0;37m
[32m[0;37m[32m339H [0;37m[33m[1m105V [0;37m1X 6.73% 0C [32m[Pos:standing][0m[0;37m [0;37mExits:ES> 
Chtonia flies south.
You follow Chtonia south.
[36mA Mountainous Pass[0;37m
[33m[1m[0;37m[31m[1m[0;37m
[32m[0;37m[32m339H [0;37m[33m[1m103V [0;37m1X 6.73% 0C [32m[Pos:standing][0m[0;37m [0;37mExits:NS> 
Chtonia flies south.
You follow Chtonia south.
[36mA Mountainous Pass[0;37m
[33m[1m[0;37m[31m[1m[0;37m
[32m[0;37m[32m339H [0;37m[33m[1m101V [0;37m1X 6.73% 0C [32m[Pos:standing][0m[0;37m [0;37mExits:NW> 
Chtonia flies west.
You follow Chtonia west.
[36mA Mountainous Pass[0;37m
[33m[1m[0;37m[31m[1m[0;37m
[32m[0;37m[32m339H [0;37m[33m[1m99V [0;37m1X 6.73% 0C [32m[Pos:standing][0m[0;37m [0;37mExits:ED> 
Chtonia flies down.
You follow Chtonia down.
[36mA Mountainous Pass[0;37m
[33m[1m[0;37m[31m[1m[0;37m
[32m[0;37m[32m339H [0;37m[33m[1m97V [0;37m1X 6.73% 0C [32m[Pos:standing][0m[0;37m [0;37mExits:SU> 
Chtonia flies south.
You follow Chtonia south.
[36mA Check Point[0;37m
[33m[1m[0;37m[31m[1m[0;37m
[32m[0;37m[32m339H [0;37m[33m[1m95V [0;37m1X 6.73% 0C [32m[Pos:standing][0m[0;37m [0;37mExits:NS> 
Chtonia flies south.
You follow Chtonia south.
[36mPath to Sanction[0;37m
[33m[1m[0;37m[31m[1m[0;37m
[32m[0;37m[32m339H [0;37m[33m[1m93V [0;37m1X 6.73% 0C [32m[Pos:standing][0m[0;37m [0;37mExits:NES> 
Chtonia flies east.
You follow Chtonia east.
[36mPath into the Mountains[0;37m
[33m[1m[0;37m[31m[1m[0;37m
[32m[0;37m[32m339H [0;37m[33m[1m91V [0;37m1X 6.73% 0C [32m[Pos:standing][0m[0;37m [0;37mExits:WU> 
Chtonia flies up.
You follow Chtonia up.
[36mPath into the Mountains[0;37m
[33m[1m[0;37m[31m[1m[0;37m
[32m[0;37m[32m339H [0;37m[33m[1m89V [0;37m1X 6.73% 0C [32m[Pos:standing][0m[0;37m [0;37mExits:ND> 
Chtonia flies north.
You follow Chtonia north.
[36mPath into the Mountains[0;37m
[33m[1m[0;37m[31m[1m[0;37m
[32m[0;37m[32m339H [0;37m[33m[1m87V [0;37m1X 6.73% 0C [32m[Pos:standing][0m[0;37m [0;37mExits:SU> 
Chtonia flies up.
You follow Chtonia up.
[36mTop of the Rocky Path[0;37m
[33m[1m[0;37m[31m[1m[0;37m
[32m[0;37m[32m339H [0;37m[33m[1m85V [0;37m1X 6.73% 0C [32m[Pos:standing][0m[0;37m [0;37mExits:ED> 
Chtonia flies east.
You follow Chtonia east.
[36mAt the Edge of the Cliff[0;37m
[33m[1m[0;37m[31m[1m[0;37m
[32m[0;37m[32m339H [0;37m[33m[1m83V [0;37m1X 6.73% 0C [32m[Pos:standing][0m[0;37m [0;37mExits:EW> 
Chtonia says 'east is dragon'

[32m[0;37m[32m339H [0;37m[33m[1m83V [0;37m1X 6.73% 0C [32m[Pos:standing][0m[0;37m [0;37mExits:EW> 
Chtonia says 'dont go that way'

[32m[0;37m[32m339H [0;37m[33m[1m83V [0;37m1X 6.73% 0C [32m[Pos:standing][0m[0;37m [0;37mExits:EW> [0;37mscan[0m
Looking north:
You see nothing special.
Looking east:
You see nothing special.
[31m[1mA vicious-looking red dragon lies across the bridge, basking in the heat.
[0;37mLooking south:
You see nothing special.
Looking west:
You see nothing special.
Looking up:
You see nothing special.
Looking down:
You see nothing special.

[32m[0;37m[32m339H [0;37m[33m[1m83V [0;37m1X 6.73% 0C [32m[Pos:standing][0m[0;37m [0;37mExits:EW> 
Chtonia says 'you can locate sanction from here'

[32m[0;37m[32m339H [0;37m[33m[1m83V [0;37m1X 6.73% 0C [32m[Pos:standing][0m[0;37m [0;37mExits:EW> 
Chtonia utters the words, 'locate object'.

[32m[0;37m[32m339H [0;37m[33m[1m83V [0;37m1X 6.73% 0C [32m[Pos:standing][0m[0;37m [0;37mExits:EW> [0;37mcast 'lo ob' book[0m
Everything becomes clear as you prepare to cast.
You utter the words, 'locate object'

[32m[0;37m[32m339H [0;37m[33m[1m83V [0;37m1X 6.73% 0C [32m[Pos:standing][0m[0;37m [0;37mExits:EW> [0;37mcast 'lo ob' book[0m

Chtonia utters the words, 'locate object'.

[32m[0;37m[32m339H [0;37m[33m[1m83V [0;37m1X 6.73% 0C [32m[Pos:standing][0m[0;37m [0;37mExits:EW> 
You utter the words, 'locate object'

[32m[0;37m[32m339H [0;37m[33m[1m83V [0;37m1X 6.73% 0C [32m[Pos:standing][0m[0;37m [0;37mMem:1 Exits:EW> [0;37mcast 'lo ob' book[0m
You utter the words, 'locate object'

[32m[0;37m[32m339H [0;37m[33m[1m83V [0;37m1X 6.73% 0C [32m[Pos:standing][0m[0;37m [0;37mMem:1 Exits:EW> 
Chtonia begins resting but stays aloft.

[32m[0;37m[32m339H [0;37m[33m[1m83V [0;37m1X 6.73% 0C [32m[Pos:standing][0m[0;37m [0;37mMem:1 Exits:EW> [0;37mcast 'lo ob' book[0m
You utter the words, 'locate object'

[32m[0;37m[32m339H [0;37m[33m[1m83V [0;37m1X 6.73% 0C [32m[Pos:standing][0m[0;37m [0;37mMem:2 Exits:EW> [0;37mrest[0m
[0;37mmem[0m

Chtonia closes her spellbook with a content look on her face.

[32m[0;37m[32m339H [0;37m[32m123V [0;37m1X 6.73% 0C [32m[Pos:standing][0m[0;37m [0;37mMem:1 Exits:EW> 
-#-#-#-#-#-#-#-> Chtonia <-#-#-#-#-#-#-#-  stands up.

[32m[0;37m[32m339H [0;37m[32m123V [0;37m1X 6.73% 0C [32m[Pos:standing][0m[0;37m [0;37mMem:1 Exits:EW> 
You rest your tired bones but stay aloft.

[32m[0;37m[32m339H [0;37m[32m123V [0;37m1X 6.73% 0C [Pos:resting] [0;37mMem:1 Exits:EW> 
Spells currently memorized:
1: [ 1]blur                 [ 1]detect magic         [ 1]floating disc       
   [ 2]magic missile        [ 1]repose               [ 1]shield              
2: [ 1]continual light      [ 1]detect invisibility  [ 2]invisibility        
   [ 3]silence              [ 1]strength            
3: [ 1]dispel magic         [ 1]fly                  [ 2]gust of wind        
   [ 1]lightning bolt       [ 1]rot                  [ 1]water breath        
4: [ 5]cold snap            [ 1]free action          [ 1]improved invisibilit
5: [ 1]drain magic          [ 1]force bolt           [ 1]locate object       
   [ 1]mental acuity        [ 1]read magic          
6: [ 1]chain lightning      [ 1]displacement         [ 1]minor globe of invul
   [ 1]potency              [ 1]relocate             [ 1]spheres of absorptio
7: [ 1]antimagic shell      [ 3]force missile        [ 1]lightning shield    
   [ 1]tether              
8: [ 1]mnemonic enhancer    [ 4]shocking blast      
9: [ 1]astral portal        [ 3]crippling wave      

Spells being memorized:
5: [ 3]locate object       

You estimate your studies will complete in 1 (game) hour.

Spells left (level-number): 1-0 2-0 3-0 4-0 5-0 6-3 7-2 8-0 9-0

[32m[0;37m[32m339H [0;37m[32m123V [0;37m1X 6.73% 0C [Pos:resting] [0;37mMem:1 Exits:EW> 
Chtonia says 'if you want any more locate spots let me know.'

[32m[0;37m[32m339H [0;37m[32m123V [0;37m1X 6.73% 0C [Pos:resting] [0;37mMem:1 Exits:EW> 
Chtonia says 'this way is easy to get to from relo to neraka'

[32m[0;37m[32m339H [0;37m[32m123V [0;37m1X 6.73% 0C [Pos:resting] [0;37mMem:1 Exits:EW> 
Chtonia utters the words, 'relocate'.
Chtonia disappears in a puff of smoke.

[32m[0;37m[32m339H [0;37m[32m123V [0;37m1X 6.73% 0C [Pos:resting] [0;37mMem:1 Exits:EW> [0;37msay storms?[0m
You say 'storms?'

[32m[0;37m[32m339H [0;37m[32m123V [0;37m1X 6.73% 0C [Pos:resting] [0;37mMem:1 Exits:EW> 
You are no longer a member of Chtonia's group.
You stop following Chtonia.
[37mYour clanmate Chtonia has left the game.
[0;37m
[32m[0;37m[32m339H [0;37m[32m123V [0;37m1X 6.73% 0C [Pos:resting] [0;37mMem:1 Exits:EW> 
Your studies complete, you close your spellbook with a smile.
The lightning has stopped.
The upswell of power fades.

[32m[0;37m[32m339H [0;37m[32m140V [0;37m1X 6.73% 0C [Pos:resting] [0;37mExits:EW> [0;37mvisitsolace[0m
Come on! I'm relaxing!

[32m[0;37m[32m339H [0;37m[32m140V [0;37m1X 6.73% 0C [Pos:resting] [0;37mExits:EW> [0;37msta[0m
You stand up.

[32m[0;37m[32m339H [0;37m[32m140V [0;37m1X 6.73% 0C [32m[Pos:standing][0m[0;37m [0;37mExits:EW> [0;37mvisitsolace[0m
You utter the words, 'relocate'
[36mSolace School of Magic[0;37m
[33m[1mA magical sign floats in the air here...it glows dimly
A chart of the moons is posted on the wall over in the far corner.
[0;37m[31m[1mMaster Theobald wanders his school looking for troublemakers.
[0;37m
[32m[0;37m[32m339H [0;37m[32m140V [0;37m1X 6.73% 0C [32m[Pos:standing][0m[0;37m [0;37mMem:1 Exits:E> 
[37mYour clanmate Ali has entered the game.
[0;37m
[32m[0;37m[32m339H [0;37m[32m140V [0;37m1X 6.73% 0C [32m[Pos:standing][0m[0;37m [0;37mMem:1 Exits:E> [0;37mct thanks![0m
You tell your clan 'thanks!'

[32m[0;37m[32m339H [0;37m[32m140V [0;37m1X 6.73% 0C [32m[Pos:standing][0m[0;37m [0;37mMem:1 Exits:E> [0;37mski[0m
Your skills:

Note: ** means the skill is ready for training with a guildmaster.

 1:  bludgeons     (superb)            short blades  (poor)            

     arcana        (superb)            concentration (superb)          
     brew          (superb)            deep focus    (superb)          
     scribe        (superb)          
     spellcraft    (superb)          
     bandage       (superb)            gift          (superb)          
     conjure       (superb)            magical anchor (superb)          
     temporal vision (superb)          
     arcane barrier (superb)          

[32m[0;37m[32m339H [0;37m[32m140V [0;37m1X 6.73% 0C [32m[Pos:standing][0m[0;37m [0;37mMem:1 Exits:E> 
[36mAli tells your clan 'np'
[0;37m
[32m[0;37m[32m339H [0;37m[32m140V [0;37m1X 6.73% 0C [32m[Pos:standing][0m[0;37m [0;37mMem:1 Exits:E> [0;37msc[0m
You are Halmos the Number Theorist, Computational Mythematician, a level 30 Legendary Red Robe.
You are casting at level 21.
You are a Clansman in MYTH.
You are rank 25. You have completed 6.73% of your next rank.
You are 40 years old.
You have 339(339) hit and 140(140) movement points.
You are influenced by the red moon, Lunitari.
You have scored 199999999 exp, and have 0(4757) steel coins.
You have 1 rank point to spend.
You have died 12 horrible deaths.
You have been connected for 14 minute(s).
You have been playing for 12 day(s), 7 hour(s) and 52 minute(s).
Your natural ability scores are:
	Str: 12 Int: 23 Wis: 18 Dex: 19 Con: 12 Cha: 16
Your equipment is currently being concealed.
You could comfortably carry more.
You are standing.
You are flying.
You are affected by the following:
    relocate
    improved invisibility
    continual light
    water breath
    antimagic shell
    mnemonic enhancer
    mental acuity
    detect invisibility
    blur

[32m[0;37m[32m339H [0;37m[32m140V [0;37m1X 6.73% 0C [32m[Pos:standing][0m[0;37m [0;37mMem:1 Exits:E> [0;37mrent[0m
Sorry, but you cannot do that here!

[32m[0;37m[32m339H [0;37m[32m140V [0;37m1X 6.73% 0C [32m[Pos:standing][0m[0;37m [0;37mMem:1 Exits:E> [0;37ml[0m
[36mSolace School of Magic[0;37m
[33m[1mA magical sign floats in the air here...it glows dimly
A chart of the moons is posted on the wall over in the far corner.
[0;37m[31m[1mMaster Theobald wanders his school looking for troublemakers.
[0;37m
[32m[0;37m[32m339H [0;37m[32m140V [0;37m1X 6.73% 0C [32m[Pos:standing][0m[0;37m [0;37mMem:1 Exits:E> [0;37me[0m
A beautiful vallenwood leaf falls to the ground.
[36mOn a Vallenwood Bough[0;37m
[33m[1mA long torch functions as a street lamp here.
[0;37m[31m[1mA Solace peacekeeper is here making his rounds.
A Solace peacekeeper is here making his rounds.
A citizen of Solace moves quickly about.
[0;37m
[32m[0;37m[32m339H [0;37m[32m139V [0;37m1X 6.73% 0C [32m[Pos:standing][0m[0;37m [0;37mMem:1 Exits:NESWD> [0;37ms[0m
[36mOn a Vallenwood Bough[0;37m
[33m[1mA long torch functions as a street lamp here.
[0;37m[31m[1m[0;37m
[32m[0;37m[32m339H [0;37m[32m137V [0;37m1X 6.73% 0C [32m[Pos:standing][0m[0;37m [0;37mMem:1 Exits:NES> [0;37ms[0m
[36mOn a Vallenwood Tree Above Solace Square[0;37m
[33m[1mA long torch functions as a street lamp here.
[0;37m[31m[1mA Solace peacekeeper stands here, holding the peace.
[0;37m
[32m[0;37m[32m339H [0;37m[32m135V [0;37m1X 6.73% 0C [32m[Pos:standing][0m[0;37m [0;37mMem:1 Exits:NESWUD> [0;37md[0m
[36mSolace Square[0;37m
[33m[1mA long torch functions as a street lamp here.
A large fountain sits in the middle of the road, taking up space.
[0;37m[31m[1mA janitor is walking around, cleaning up.
A janitor is walking around, cleaning up.
[0;37m
[32m[0;37m[32m339H [0;37m[32m134V [0;37m1X 6.73% 0C [32m[Pos:standing][0m[0;37m [0;37mMem:1 Exits:NESWU> 
You can't put liquids in a black ice ring!
You can't put liquids in a cloak made of old, black cloth!
You can't put liquids in a pair of leather pants!
You can't put liquids in a pair of leather boots!
You can't put liquids in a pair of red gloves of the Conclave!
You can't put liquids in a pair of leather sleeves!
You can't put liquids in some heavy red robes of the Conclave!
You can't put liquids in a plain component pouch!
You can't put liquids in a shark jaw bone crossbow!
You can't put liquids in a small wooden chest!
There is no room for more.
There is no room for more.

[32m[0;37m[32m339H [0;37m[32m134V [0;37m1X 6.73% 0C [32m[Pos:standing][0m[0;37m [0;37mMem:1 Exits:NESWU> [0;37mn[0m
[36mNorthern Avenue[0;37m
[33m[1mA long torch functions as a street lamp here.
[0;37m[31m[1mA small kitten rummages through a pile of vallenwood leaves.
[0;37m
[32m[0;37m[32m339H [0;37m[32m133V [0;37m1X 6.73% 0C [32m[Pos:standing][0m[0;37m [0;37mMem:1 Exits:NSWU> [0;37mw[0m
[36mA Small Side Street[0;37m
[33m[1mA long torch functions as a street lamp here.
[0;37m[31m[1m[0;37m
[32m[0;37m[32m339H [0;37m[32m132V [0;37m1X 6.73% 0C [32m[Pos:standing][0m[0;37m [0;37mMem:1 Exits:NEU> [0;37mu[0m
The wonderful smell of spiced potatoes makes your stomach rumble.
[36mThe Inn of the Last Home[0;37m
[33m[1m[0;37m[31m[1mA small child plays with some colorful objects.
Otik watches you calmly, while he skillfully mixes a drink.
[0;37m
[32m[0;37m[32m339H [0;37m[32m131V [0;37m1X 6.73% 0C [32m[Pos:standing][0m[0;37m [0;37mMem:1 Exits:SWUD> [0;37mu[0m
[36mThe Reception[0;37m
[33m[1mA odd looking gadget lies on the ground, doing whatever it does.
A large board with numerous wanted posters tacked on it is here.
[0;37m[31m[1m<THC> Dank the Male Irda is standing here.
A girl twirls her hair in the Solace Tourist Information booth.
A man wearing heavy armor is standing here.
A receptionist sits here doing her nails.
[0;37m
[32m[0;37m[32m339H [0;37m[32m130V [0;37m1X 6.73% 0C [32m[Pos:standing][0m[0;37m [0;37mMem:1 Exits:D> [0;37moffer[0m
[33m[1m                     a black ice ring : 350 coins/day
[0;37m[33m[1m     a cloak made of old, black cloth : 100 coins/day
[0;37m[33m[1m              a pair of leather pants : 12 coins/day
[0;37m[33m[1m              a pair of leather boots : 14 coins/day
[0;37m[33m[1m a pair of red gloves of the Conclave : 20 coins/day
[0;37m[33m[1m            a pair of leather sleeves : 16 coins/day
[0;37m[33m[1m some heavy red robes of the Conclave : 100 coins/day
[0;37m[33m[1m              a plain component pouch : 5 coins/day
[0;37m[33m[1m          an adder's tongue fern leaf : 12 coins/day
[0;37m[33m[1m    a neatly folded parchment fan [3] : 36 coins/day
[0;37m[33m[1m  a dram of giant slug digestive acid : 27 coins/day
[0;37m[33m[1m                       a pineal gland : 19 coins/day
[0;37m[33m[1ma dried piece of octopus tentacle [2] : 42 coins/day
[0;37m[33m[1ma pink and black mottled snake tongue : 21 coins/day
[0;37m[33m[1ma small pink and red swirled conch shell : 10 coins/day
[0;37m[33m[1m              a small paraffin candle : 5 coins/day
[0;37m[33m[1m            a splintered demon's horn : 55 coins/day
[0;37m[33m[1m              some bitten fingernails : 4 coins/day
[0;37m[33m[1m         a drop of black dragon blood : 35 coins/day
[0;37m[33m[1m            a sparkling green emerald : 70 coins/day
[0;37m[33m[1m               flakes of leprous skin : 45 coins/day
[0;37m[33m[1m            a shark jaw bone crossbow : 120 coins/day
[0;37m[33m                 a small wooden chest : 1 coin/day
[0;37m[32m                 a smoked sausage [7] : 7 coins/day
[0;37m[32m                  a cloudy potion [3] : 30 coins/day
[0;37m[32m                  a common scroll [2] : 20 coins/day
[0;37m[32m      a faint mote of condensed magic : 0 coins/day
[0;37m[32m      a wispy mote of condensed magic : 0 coins/day
[0;37m[33m                      a waterskin [2] : 2 coins/day
[0;37mThe receptionist tells you 'You need at least 1178 coins to rent.'
The receptionist tells you 'You will be able to rent for 12 days.'

[32m[0;37m[32m339H [0;37m[32m130V [0;37m1X 6.73% 0C [32m[Pos:standing][0m[0;37m [0;37mMem:1 Exits:D> 
The receptionist looks in your direction and says 'Are you ever going to rent?'

[32m[0;37m[32m339H [0;37m[32m130V [0;37m1X 6.73% 0C [32m[Pos:standing][0m[0;37m [0;37mMem:1 Exits:D> [0;37mrent[0m
[33m[1m                     a black ice ring : 350 coins/day
[0;37m[33m[1m     a cloak made of old, black cloth : 100 coins/day
[0;37m[33m[1m              a pair of leather pants : 12 coins/day
[0;37m[33m[1m              a pair of leather boots : 14 coins/day
[0;37m[33m[1m a pair of red gloves of the Conclave : 20 coins/day
[0;37m[33m[1m            a pair of leather sleeves : 16 coins/day
[0;37m[33m[1m some heavy red robes of the Conclave : 100 coins/day
[0;37m[33m[1m              a plain component pouch : 5 coins/day
[0;37m[33m[1m          an adder's tongue fern leaf : 12 coins/day
[0;37m[33m[1m    a neatly folded parchment fan [3] : 36 coins/day
[0;37m[33m[1m  a dram of giant slug digestive acid : 27 coins/day
[0;37m[33m[1m                       a pineal gland : 19 coins/day
[0;37m[33m[1ma dried piece of octopus tentacle [2] : 42 coins/day
[0;37m[33m[1ma pink and black mottled snake tongue : 21 coins/day
[0;37m[33m[1ma small pink and red swirled conch shell : 10 coins/day
[0;37m[33m[1m              a small paraffin candle : 5 coins/day
[0;37m[33m[1m            a splintered demon's horn : 55 coins/day
[0;37m[33m[1m              some bitten fingernails : 4 coins/day
[0;37m[33m[1m         a drop of black dragon blood : 35 coins/day
[0;37m[33m[1m            a sparkling green emerald : 70 coins/day
[0;37m[33m[1m               flakes of leprous skin : 45 coins/day
[0;37m[33m[1m            a shark jaw bone crossbow : 120 coins/day
[0;37m[33m                 a small wooden chest : 1 coin/day
[0;37m[32m                 a smoked sausage [7] : 7 coins/day
[0;37m[32m                  a cloudy potion [3] : 30 coins/day
[0;37m[32m                  a common scroll [2] : 20 coins/day
[0;37m[32m      a faint mote of condensed magic : 0 coins/day
[0;37m[32m      a wispy mote of condensed magic : 0 coins/day
[0;37m[33m                      a waterskin [2] : 2 coins/day
[0;37mThe receptionist tells you 'You need at least 1178 coins to rent.'
The receptionist tells you 'You will be able to rent for 12 days.'
The receptionist stores your stuff in the safe, and shows you to your room.
You sink gently to the ground.

0) Leave Arctic.
1) Enter the game.
2) Change your description.
3) Change your password.
4) Delete this character.
5) Create new character.

Make a choice: [0;37m0[0m


Thank you for playing.

[0m#SESSION 'a' DIED.[0m
